<?xml version="1.0" encoding="UTF-8"?>
<!-- Generated by org.testng.reporters.JUnitXMLReporter -->
<testsuite hostname="TSQA-L077" ignored="12" name="Surefire test" tests="5" failures="0" timestamp="14 Jun 2020 14:51:59 GMT" time="58.569" errors="0">
  <testcase name="test" time="4.284" classname="testCases.api.CommentsTest"/>
  <testcase name="test" time="2.83" classname="testCases.api.PostsTest"/>
  <testcase name="test" time="2.924" classname="testCases.api.UsersTest"/>
  <testcase name="merchante" time="22.946" classname="testCases.ui.CreateAndFilterTest"/>
  <testcase name="merchante" time="23.216" classname="testCases.ui.CreateAndFilterTest"/>
  <testcase name="@BeforeTest beforeTest" time="0.0" classname="wdMethods.ProjectMethods">
    <ignored/>
  </testcase> <!-- @BeforeTest beforeTest -->
  <testcase name="@BeforeTest beforeTest" time="0.0" classname="wdMethods.ProjectMethods">
    <ignored/>
  </testcase> <!-- @BeforeTest beforeTest -->
  <testcase name="@BeforeTest beforeTest" time="0.0" classname="wdMethods.ProjectMethods">
    <ignored/>
  </testcase> <!-- @BeforeTest beforeTest -->
  <testcase name="@AfterTest afterTest" time="0.0" classname="wdMethods.ProjectMethods">
    <ignored/>
  </testcase> <!-- @AfterTest afterTest -->
  <testcase name="@AfterTest afterTest" time="0.0" classname="wdMethods.ProjectMethods">
    <ignored/>
  </testcase> <!-- @AfterTest afterTest -->
  <testcase name="@AfterTest afterTest" time="0.0" classname="wdMethods.ProjectMethods">
    <ignored/>
  </testcase> <!-- @AfterTest afterTest -->
  <testcase name="@BeforeSuite beforeSuite" time="0.0" classname="wdMethods.ProjectMethods">
    <ignored/>
  </testcase> <!-- @BeforeSuite beforeSuite -->
  <testcase name="@BeforeSuite beforeSuite" time="0.0" classname="wdMethods.ProjectMethods">
    <ignored/>
  </testcase> <!-- @BeforeSuite beforeSuite -->
  <testcase name="@BeforeSuite beforeSuite" time="0.0" classname="wdMethods.ProjectMethods">
    <ignored/>
  </testcase> <!-- @BeforeSuite beforeSuite -->
  <testcase name="@AfterSuite afterSuite" time="0.0" classname="wdMethods.ProjectMethods">
    <ignored/>
  </testcase> <!-- @AfterSuite afterSuite -->
  <testcase name="@AfterSuite afterSuite" time="0.0" classname="wdMethods.ProjectMethods">
    <ignored/>
  </testcase> <!-- @AfterSuite afterSuite -->
  <testcase name="@AfterSuite afterSuite" time="0.0" classname="wdMethods.ProjectMethods">
    <ignored/>
  </testcase> <!-- @AfterSuite afterSuite -->
</testsuite> <!-- Surefire test -->
