<?xml version="1.0" encoding="UTF-8"?>
<testng-results skipped="0" failed="0" ignored="0" total="2" passed="2">
  <reporter-output>
  </reporter-output>
  <suite name="Default suite" duration-ms="50062" started-at="2020-06-14T12:32:15Z" finished-at="2020-06-14T12:33:05Z">
    <groups>
    </groups>
    <test name="Default test" duration-ms="50062" started-at="2020-06-14T12:32:15Z" finished-at="2020-06-14T12:33:05Z">
      <class name="testCases.ui.CreateAndFilterTest">
        <test-method status="PASS" signature="beforeSuite()[pri:0, instance:testCases.ui.CreateAndFilterTest@2286778]" name="beforeSuite" is-config="true" duration-ms="188" started-at="2020-06-14T18:02:15Z" finished-at="2020-06-14T18:02:15Z">
          <reporter-output>
          </reporter-output>
        </test-method> <!-- beforeSuite -->
        <test-method status="PASS" signature="beforeTest()[pri:0, instance:testCases.ui.CreateAndFilterTest@2286778]" name="beforeTest" is-config="true" duration-ms="0" started-at="2020-06-14T18:02:15Z" finished-at="2020-06-14T18:02:15Z">
          <reporter-output>
          </reporter-output>
        </test-method> <!-- beforeTest -->
        <test-method status="PASS" signature="merchante(java.lang.String)[pri:0, instance:testCases.ui.CreateAndFilterTest@2286778]" name="merchante" duration-ms="28653" started-at="2020-06-14T18:02:15Z" data-provider="fetchData" finished-at="2020-06-14T18:02:44Z">
          <params>
            <param index="0">
              <value>
                <![CDATA[Create New User]]>
              </value>
            </param>
          </params>
          <reporter-output>
          </reporter-output>
        </test-method> <!-- merchante -->
        <test-method status="PASS" signature="beforeMethod()[pri:0, instance:testCases.ui.CreateAndFilterTest@2286778]" name="beforeMethod" is-config="true" duration-ms="0" started-at="2020-06-14T18:02:15Z" finished-at="2020-06-14T18:02:15Z">
          <reporter-output>
          </reporter-output>
        </test-method> <!-- beforeMethod -->
        <test-method status="PASS" signature="afterMethod()[pri:0, instance:testCases.ui.CreateAndFilterTest@2286778]" name="afterMethod" is-config="true" duration-ms="744" started-at="2020-06-14T18:02:44Z" finished-at="2020-06-14T18:02:45Z">
          <reporter-output>
          </reporter-output>
        </test-method> <!-- afterMethod -->
        <test-method status="PASS" signature="beforeMethod()[pri:0, instance:testCases.ui.CreateAndFilterTest@2286778]" name="beforeMethod" is-config="true" duration-ms="0" started-at="2020-06-14T18:02:45Z" finished-at="2020-06-14T18:02:45Z">
          <reporter-output>
          </reporter-output>
        </test-method> <!-- beforeMethod -->
        <test-method status="PASS" signature="merchante(java.lang.String)[pri:0, instance:testCases.ui.CreateAndFilterTest@2286778]" name="merchante" duration-ms="20016" started-at="2020-06-14T18:02:45Z" data-provider="fetchData" finished-at="2020-06-14T18:03:05Z">
          <params>
            <param index="0">
              <value>
                <![CDATA[Filter Options]]>
              </value>
            </param>
          </params>
          <reporter-output>
          </reporter-output>
        </test-method> <!-- merchante -->
        <test-method status="PASS" signature="afterMethod()[pri:0, instance:testCases.ui.CreateAndFilterTest@2286778]" name="afterMethod" is-config="true" duration-ms="630" started-at="2020-06-14T18:03:05Z" finished-at="2020-06-14T18:03:05Z">
          <reporter-output>
          </reporter-output>
        </test-method> <!-- afterMethod -->
        <test-method status="PASS" signature="afterTest()[pri:0, instance:testCases.ui.CreateAndFilterTest@2286778]" name="afterTest" is-config="true" duration-ms="0" started-at="2020-06-14T18:03:05Z" finished-at="2020-06-14T18:03:05Z">
          <reporter-output>
          </reporter-output>
        </test-method> <!-- afterTest -->
        <test-method status="PASS" signature="afterSuite()[pri:0, instance:testCases.ui.CreateAndFilterTest@2286778]" name="afterSuite" is-config="true" duration-ms="191" started-at="2020-06-14T18:03:05Z" finished-at="2020-06-14T18:03:06Z">
          <reporter-output>
          </reporter-output>
        </test-method> <!-- afterSuite -->
      </class> <!-- testCases.ui.CreateAndFilterTest -->
    </test> <!-- Default test -->
  </suite> <!-- Default suite -->
</testng-results>
